[01m[K/home/alessio/ROS/Robotic-Arm/rob_arm_ws/src/braccio_urdf_description/hardware_interface/src/new_hardware_interface_node.cpp:6:10:[m[K [01;31m[Kfatal error: [m[Knew_hardware_interface.h: No such file or directory
    6 | #include [01;31m[K"new_hardware_interface.h"[m[K
      |          [01;31m[K^~~~~~~~~~~~~~~~~~~~~~~~~~[m[K
compilation terminated.
make[2]: *** [CMakeFiles/launch_hardware_interface.dir/build.make:76: CMakeFiles/launch_hardware_interface.dir/hardware_interface/src/new_hardware_interface_node.cpp.o] Error 1
make[2]: *** Waiting for unfinished jobs....
[01m[K/home/alessio/ROS/Robotic-Arm/rob_arm_ws/src/braccio_urdf_description/hardware_interface/src/new_hardware_interface.cpp:[m[K In constructor â€˜[01m[KERA::MyRobot::MyRobot()[m[Kâ€™:
[01m[K/home/alessio/ROS/Robotic-Arm/rob_arm_ws/src/braccio_urdf_description/hardware_interface/src/new_hardware_interface.cpp:16:71:[m[K [01;31m[Kerror: [m[Kâ€˜[01m[Kjoints[m[Kâ€™ was not declared in this scope
   16 |                     hardware_interface::JointStateHandle state_handle([01;31m[Kjoints[m[K[i], &pos[i], &vel[i], &eff[i]);
      |                                                                       [01;31m[K^~~~~~[m[K
[01m[K/home/alessio/ROS/Robotic-Arm/rob_arm_ws/src/braccio_urdf_description/hardware_interface/src/new_hardware_interface.cpp:[m[K In member function â€˜[01m[Kvoid ERA::MyRobot::update(const ros::TimerEvent&)[m[Kâ€™:
[01m[K/home/alessio/ROS/Robotic-Arm/rob_arm_ws/src/braccio_urdf_description/hardware_interface/src/new_hardware_interface.cpp:40:17:[m[K [01;31m[Kerror: [m[Kâ€˜[01m[Kelapsed_time_[m[Kâ€™ was not declared in this scope
   40 |                 [01;31m[Kelapsed_time_[m[K = ros::Duration(e.current_real - e.last_real);
      |                 [01;31m[K^~~~~~~~~~~~~[m[K
[01m[K/home/alessio/ROS/Robotic-Arm/rob_arm_ws/src/braccio_urdf_description/hardware_interface/src/new_hardware_interface.cpp:43:17:[m[K [01;31m[Kerror: [m[Kâ€˜[01m[Kcontroller_manager[m[Kâ€™ was not declared in this scope
   43 |                 [01;31m[Kcontroller_manager[m[K.update(ros::Time::now(), elapsed_time_);
      |                 [01;31m[K^~~~~~~~~~~~~~~~~~[m[K
make[2]: *** [CMakeFiles/launch_hardware_interface.dir/build.make:63: CMakeFiles/launch_hardware_interface.dir/hardware_interface/src/new_hardware_interface.cpp.o] Error 1
make[1]: *** [CMakeFiles/Makefile2:439: CMakeFiles/launch_hardware_interface.dir/all] Error 2
make: *** [Makefile:141: all] Error 2
