[01m[K/home/alessio/ROS/Robotic-Arm/rob_arm_ws/src/braccio_urdf_description/hardware_interface/src/new_hardware_interface.cpp:[m[K In constructor â€˜[01m[KERA::MyRobot::MyRobot()[m[Kâ€™:
[01m[K/home/alessio/ROS/Robotic-Arm/rob_arm_ws/src/braccio_urdf_description/hardware_interface/src/new_hardware_interface.cpp:11:23:[m[K [01;31m[Kerror: [m[Kno matching function for call to â€˜[01m[Kcontroller_manager::ControllerManager::ControllerManager()[m[Kâ€™
   11 |             MyRobot() [01;31m[K{[m[K
      |                       [01;31m[K^[m[K
In file included from [01m[K/home/alessio/ROS/Robotic-Arm/rob_arm_ws/src/braccio_urdf_description/hardware_interface/src/new_hardware_interface.cpp:4[m[K:
[01m[K/opt/ros/noetic/include/controller_manager/controller_manager.h:76:3:[m[K [01;36m[Knote: [m[Kcandidate: â€˜[01m[Kcontroller_manager::ControllerManager::ControllerManager(hardware_interface::RobotHW*, const ros::NodeHandle&)[m[Kâ€™
   76 |   [01;36m[KControllerManager[m[K(hardware_interface::RobotHW *robot_hw,
      |   [01;36m[K^~~~~~~~~~~~~~~~~[m[K
[01m[K/opt/ros/noetic/include/controller_manager/controller_manager.h:76:3:[m[K [01;36m[Knote: [m[K  candidate expects 2 arguments, 0 provided
[01m[K/home/alessio/ROS/Robotic-Arm/rob_arm_ws/src/braccio_urdf_description/hardware_interface/src/new_hardware_interface.cpp:[m[K In member function â€˜[01m[Kvoid ERA::MyRobot::update(const ros::TimerEvent&)[m[Kâ€™:
[01m[K/home/alessio/ROS/Robotic-Arm/rob_arm_ws/src/braccio_urdf_description/hardware_interface/src/new_hardware_interface.cpp:50:38:[m[K [01;31m[Kerror: [m[Krequest for member â€˜[01m[Kget_time[m[Kâ€™ in â€˜[01m[K(ERA::MyRobot*)this[m[Kâ€™, which is of pointer type â€˜[01m[KERA::MyRobot*[m[Kâ€™ (maybe you meant to use â€˜[01m[K->[m[Kâ€™ ?)
   50 |                 this->cm.update(this.[01;31m[Kget_time[m[K(), this.get_period());
      |                                      [01;31m[K^~~~~~~~[m[K
[01m[K/home/alessio/ROS/Robotic-Arm/rob_arm_ws/src/braccio_urdf_description/hardware_interface/src/new_hardware_interface.cpp:50:55:[m[K [01;31m[Kerror: [m[Krequest for member â€˜[01m[Kget_period[m[Kâ€™ in â€˜[01m[K(ERA::MyRobot*)this[m[Kâ€™, which is of pointer type â€˜[01m[KERA::MyRobot*[m[Kâ€™ (maybe you meant to use â€˜[01m[K->[m[Kâ€™ ?)
   50 |                 this->cm.update(this.get_time(), this.[01;31m[Kget_period[m[K());
      |                                                       [01;31m[K^~~~~~~~~~[m[K
[01m[K/home/alessio/ROS/Robotic-Arm/rob_arm_ws/src/braccio_urdf_description/hardware_interface/src/new_hardware_interface.cpp:[m[K In member function â€˜[01m[Kvoid ERA::MyRobot::setControlManager(controller_manager::ControllerManager*)[m[Kâ€™:
[01m[K/home/alessio/ROS/Robotic-Arm/rob_arm_ws/src/braccio_urdf_description/hardware_interface/src/new_hardware_interface.cpp:67:28:[m[K [01;31m[Kerror: [m[Kno match for â€˜[01m[Koperator=[m[Kâ€™ (operand types are â€˜[01m[Kcontroller_manager::ControllerManager[m[Kâ€™ and â€˜[01m[Kcontroller_manager::ControllerManager*[m[Kâ€™)
   67 |                 this->cm = [01;31m[Kcm[m[K;
      |                            [01;31m[K^~[m[K
In file included from [01m[K/home/alessio/ROS/Robotic-Arm/rob_arm_ws/src/braccio_urdf_description/hardware_interface/src/new_hardware_interface.cpp:4[m[K:
[01m[K/opt/ros/noetic/include/controller_manager/controller_manager.h:64:7:[m[K [01;36m[Knote: [m[Kcandidate: â€˜[01m[Kcontroller_manager::ControllerManager& controller_manager::ControllerManager::operator=(const controller_manager::ControllerManager&)[m[Kâ€™ <deleted>
   64 | class [01;36m[KControllerManager[m[K{
      |       [01;36m[K^~~~~~~~~~~~~~~~~[m[K
[01m[K/opt/ros/noetic/include/controller_manager/controller_manager.h:64:7:[m[K [01;36m[Knote: [m[K  no known conversion for argument 1 from â€˜[01m[Kcontroller_manager::ControllerManager*[m[Kâ€™ to â€˜[01m[Kconst controller_manager::ControllerManager&[m[Kâ€™
In file included from [01m[K/home/alessio/ROS/Robotic-Arm/rob_arm_ws/src/braccio_urdf_description/hardware_interface/src/new_hardware_interface_node.cpp:6[m[K:
[01m[K/home/alessio/ROS/Robotic-Arm/rob_arm_ws/src/braccio_urdf_description/hardware_interface/src/../include/new_hardware_interface.h:8:1:[m[K [01;31m[Kerror: [m[Kexpected â€˜[01m[K{[m[Kâ€™ before â€˜[01m[Kclass[m[Kâ€™
    8 | [01;31m[Kclass[m[K MyRobot : public hardware_interface::RobotHW {
      | [01;31m[K^~~~~[m[K
[01m[K/home/alessio/ROS/Robotic-Arm/rob_arm_ws/src/braccio_urdf_description/hardware_interface/src/new_hardware_interface_node.cpp:8:20:[m[K [01;31m[Kerror: [m[Kexpected â€˜[01m[K;[m[Kâ€™ before â€˜[01m[Kint[m[Kâ€™
    8 | using namespace ERA
      |                    [01;31m[K^[m[K
      |                    [32m[K;[m[K
    9 | 
   10 | [32m[Kint[m[K main(int argc, char** argv) {
      | [32m[K~~~[m[K                 
[01m[K/home/alessio/ROS/Robotic-Arm/rob_arm_ws/src/braccio_urdf_description/hardware_interface/src/new_hardware_interface_node.cpp:[m[K In function â€˜[01m[Kint main(int, char**)[m[Kâ€™:
[01m[K/home/alessio/ROS/Robotic-Arm/rob_arm_ws/src/braccio_urdf_description/hardware_interface/src/new_hardware_interface_node.cpp:21:5:[m[K [01;31m[Kerror: [m[Kâ€˜[01m[Knon_realtime_loop_[m[Kâ€™ was not declared in this scope
   21 |     [01;31m[Knon_realtime_loop_[m[K = nh.createTimer(update_freq, &MyRobot::update, &robot);
      |     [01;31m[K^~~~~~~~~~~~~~~~~~[m[K
make[2]: *** [CMakeFiles/launch_hardware_interface.dir/build.make:76: CMakeFiles/launch_hardware_interface.dir/hardware_interface/src/new_hardware_interface_node.cpp.o] Error 1
make[2]: *** Waiting for unfinished jobs....
make[2]: *** [CMakeFiles/launch_hardware_interface.dir/build.make:63: CMakeFiles/launch_hardware_interface.dir/hardware_interface/src/new_hardware_interface.cpp.o] Error 1
make[1]: *** [CMakeFiles/Makefile2:439: CMakeFiles/launch_hardware_interface.dir/all] Error 2
make: *** [Makefile:141: all] Error 2
