[35m[1mScanning dependencies of target image_publisher_exe[0m
[ 50%] [32mBuilding CXX object CMakeFiles/image_publisher_exe.dir/src/image_publisher.cpp.o[0m
[01m[K/home/alessio/ROS/Robotic-Arm/rob_arm_ws/src/image_sender/src/image_publisher.cpp:[m[K In function â€˜[01m[Kint main(int, char**)[m[Kâ€™:
[01m[K/home/alessio/ROS/Robotic-Arm/rob_arm_ws/src/image_sender/src/image_publisher.cpp:15:3:[m[K [01;31m[Kerror: [m[Kâ€˜[01m[Kcompressed_image_transport[m[Kâ€™ has not been declared
   15 |   [01;31m[Kcompressed_image_transport[m[K::ImageTransport it(nh);
      |   [01;31m[K^~~~~~~~~~~~~~~~~~~~~~~~~~[m[K
[01m[K/home/alessio/ROS/Robotic-Arm/rob_arm_ws/src/image_sender/src/image_publisher.cpp:16:3:[m[K [01;31m[Kerror: [m[Kâ€˜[01m[Kcompressed_image_transport[m[Kâ€™ has not been declared
   16 |   [01;31m[Kcompressed_image_transport[m[K::Publisher pub = it.advertise("cam_pub", 1);
      |   [01;31m[K^~~~~~~~~~~~~~~~~~~~~~~~~~[m[K
[01m[K/home/alessio/ROS/Robotic-Arm/rob_arm_ws/src/image_sender/src/image_publisher.cpp:51:9:[m[K [01;31m[Kerror: [m[Kâ€˜[01m[Kpub[m[Kâ€™ was not declared in this scope
   51 |         [01;31m[Kpub[m[K.publish(msg);
      |         [01;31m[K^~~[m[K
make[2]: *** [CMakeFiles/image_publisher_exe.dir/build.make:63: CMakeFiles/image_publisher_exe.dir/src/image_publisher.cpp.o] Error 1
make[1]: *** [CMakeFiles/Makefile2:786: CMakeFiles/image_publisher_exe.dir/all] Error 2
make: *** [Makefile:141: all] Error 2
